<?xml version="1.0" encoding="UTF-8"?>
<robot generator="Robot 3.2.2 (Python 3.8.6 on linux)" generated="20201001 01:22:49.477" rpa="false">
<suite id="s1" name="Testcases" source="/tests/testcases">
<suite id="s1-s1" name="basicTestCases" source="/tests/testcases/basicTestCases.robot">
<test id="s1-s1-t1" name="Test Case One">
<kw name="TestCase Setup" library="testSettings" type="setup">
<kw name="Set Selenium Speed" library="Selenium2Library">
<doc>Sets the delay that is waited after each Selenium command.</doc>
<arguments>
<arg>${DELAY}</arg>
</arguments>
<status status="PASS" starttime="20201001 01:22:49.796" endtime="20201001 01:22:49.798"></status>
</kw>
<kw name="Run Keyword If" library="BuiltIn">
<doc>Runs the given keyword with the given arguments, if ``condition`` is true.</doc>
<arguments>
<arg>"${browser}"=="chrome"</arg>
<arg>Setup Chrome Browser</arg>
<arg>ELSE IF</arg>
<arg>"${browser}"=="chromemobile"</arg>
<arg>Setup Chrome Mobile Browser</arg>
</arguments>
<kw name="Setup Chrome Browser" library="testSettings">
<kw name="Run Keyword If" library="BuiltIn">
<doc>Runs the given keyword with the given arguments, if ``condition`` is true.</doc>
<arguments>
<arg>"${remote_url}"=="None"</arg>
<arg>Run Chrome In Local</arg>
<arg>ELSE</arg>
<arg>Run Chrome In Remote</arg>
</arguments>
<kw name="Run Chrome In Remote" library="testSettings">
<kw name="Run Keyword If" library="BuiltIn">
<doc>Runs the given keyword with the given arguments, if ``condition`` is true.</doc>
<arguments>
<arg>"${headless}"=="Yes"</arg>
<arg>Set Variable</arg>
<arg>--headless</arg>
</arguments>
<assign>
<var>${headlessValue}</var>
</assign>
<kw name="Set Variable" library="BuiltIn">
<doc>Returns the given values which can then be assigned to a variables.</doc>
<arguments>
<arg>--headless</arg>
</arguments>
<status status="PASS" starttime="20201001 01:22:49.800" endtime="20201001 01:22:49.800"></status>
</kw>
<msg timestamp="20201001 01:22:49.801" level="INFO">${headlessValue} = --headless</msg>
<status status="PASS" starttime="20201001 01:22:49.800" endtime="20201001 01:22:49.801"></status>
</kw>
<kw name="Evaluate" library="BuiltIn">
<doc>Evaluates the given expression in Python and returns the result.</doc>
<arguments>
<arg>sys.modules['selenium.webdriver'].ChromeOptions()</arg>
<arg>sys, selenium.webdriver</arg>
</arguments>
<assign>
<var>${options}</var>
</assign>
<msg timestamp="20201001 01:22:49.801" level="INFO">${options} = &lt;selenium.webdriver.chrome.options.Options object at 0x7fca1b7fd730&gt;</msg>
<status status="PASS" starttime="20201001 01:22:49.801" endtime="20201001 01:22:49.801"></status>
</kw>
<kw name="Call Method" library="BuiltIn">
<doc>Calls the named method of the given object with the provided arguments.</doc>
<arguments>
<arg>${options}</arg>
<arg>add_argument</arg>
<arg>disable-infobars</arg>
</arguments>
<status status="PASS" starttime="20201001 01:22:49.801" endtime="20201001 01:22:49.801"></status>
</kw>
<kw name="Run Keyword If" library="BuiltIn">
<doc>Runs the given keyword with the given arguments, if ``condition`` is true.</doc>
<arguments>
<arg>"${headlessValue}"=="--headless"</arg>
<arg>Call Method</arg>
<arg>${options}</arg>
<arg>add_argument</arg>
<arg>${headlessValue}</arg>
</arguments>
<kw name="Call Method" library="BuiltIn">
<doc>Calls the named method of the given object with the provided arguments.</doc>
<arguments>
<arg>${options}</arg>
<arg>add_argument</arg>
<arg>${headlessValue}</arg>
</arguments>
<status status="PASS" starttime="20201001 01:22:49.802" endtime="20201001 01:22:49.802"></status>
</kw>
<status status="PASS" starttime="20201001 01:22:49.802" endtime="20201001 01:22:49.802"></status>
</kw>
<kw name="Call Method" library="BuiltIn">
<doc>Calls the named method of the given object with the provided arguments.</doc>
<arguments>
<arg>${options}</arg>
<arg>add_argument</arg>
<arg>--disable-gpu</arg>
</arguments>
<status status="PASS" starttime="20201001 01:22:49.802" endtime="20201001 01:22:49.803"></status>
</kw>
<kw name="Call Method" library="BuiltIn">
<doc>Calls the named method of the given object with the provided arguments.</doc>
<arguments>
<arg>${options}</arg>
<arg>to_capabilities</arg>
</arguments>
<assign>
<var>${options}</var>
</assign>
<msg timestamp="20201001 01:22:49.803" level="INFO">${options} = {'browserName': 'chrome', 'version': '', 'platform': 'ANY', 'goog:chromeOptions': {'extensions': [], 'args': ['disable-infobars', '--headless', '--disable-gpu']}}</msg>
<status status="PASS" starttime="20201001 01:22:49.803" endtime="20201001 01:22:49.803"></status>
</kw>
<kw name="Evaluate" library="BuiltIn">
<doc>Evaluates the given expression in Python and returns the result.</doc>
<arguments>
<arg>str("http://${remote_url}:4444/wd/hub")</arg>
</arguments>
<assign>
<var>${executor}</var>
</assign>
<msg timestamp="20201001 01:22:49.803" level="INFO">${executor} = http://hub:4444/wd/hub</msg>
<status status="PASS" starttime="20201001 01:22:49.803" endtime="20201001 01:22:49.803"></status>
</kw>
<kw name="Create Webdriver" library="Selenium2Library">
<doc>Creates an instance of Selenium WebDriver.</doc>
<arguments>
<arg>Remote</arg>
<arg>command_executor=${executor}</arg>
<arg>desired_capabilities=${options}</arg>
</arguments>
<msg timestamp="20201001 01:22:49.804" level="INFO">Creating an instance of the Remote WebDriver.</msg>
<status status="PASS" starttime="20201001 01:22:49.804" endtime="20201001 01:22:50.739"></status>
</kw>
<status status="PASS" starttime="20201001 01:22:49.800" endtime="20201001 01:22:50.739"></status>
</kw>
<status status="PASS" starttime="20201001 01:22:49.799" endtime="20201001 01:22:50.740"></status>
</kw>
<status status="PASS" starttime="20201001 01:22:49.799" endtime="20201001 01:22:50.740"></status>
</kw>
<status status="PASS" starttime="20201001 01:22:49.798" endtime="20201001 01:22:50.740"></status>
</kw>
<kw name="Set Window Size" library="Selenium2Library">
<doc>Sets current windows size to given ``width`` and ``height``.</doc>
<arguments>
<arg>1366</arg>
<arg>768</arg>
</arguments>
<status status="PASS" starttime="20201001 01:22:50.740" endtime="20201001 01:22:50.888"></status>
</kw>
<status status="PASS" starttime="20201001 01:22:49.795" endtime="20201001 01:22:50.888"></status>
</kw>
<kw name="Open Respondio Login Page" library="testKeywords">
<kw name="Go To" library="Selenium2Library">
<doc>Navigates the current browser window to the provided ``url``.</doc>
<arguments>
<arg>${login_url}</arg>
</arguments>
<msg timestamp="20201001 01:22:50.889" level="INFO">Opening url 'https://app.respond.io/user/login'</msg>
<status status="PASS" starttime="20201001 01:22:50.889" endtime="20201001 01:22:54.453"></status>
</kw>
<kw name="Sleep" library="BuiltIn">
<doc>Pauses the test executed for the given time.</doc>
<arguments>
<arg>2</arg>
</arguments>
<msg timestamp="20201001 01:22:56.455" level="INFO">Slept 2 seconds</msg>
<status status="PASS" starttime="20201001 01:22:54.454" endtime="20201001 01:22:56.456"></status>
</kw>
<status status="PASS" starttime="20201001 01:22:50.889" endtime="20201001 01:22:56.457"></status>
</kw>
<kw name="Validate Respondio Login Page" library="testKeywords">
<kw name="Wait Until Element Is Visible" library="Selenium2Library">
<doc>Waits until the element ``locator`` is visible.</doc>
<arguments>
<arg>${login_header_logo}</arg>
</arguments>
<status status="PASS" starttime="20201001 01:22:56.458" endtime="20201001 01:22:56.531"></status>
</kw>
<kw name="Element Should Be Visible" library="Selenium2Library">
<doc>Verifies that the element identified by ``locator`` is visible.</doc>
<arguments>
<arg>${login_header_info}</arg>
</arguments>
<msg timestamp="20201001 01:22:56.622" level="INFO">Element '//div[@class="wrapper auth-wrapper col"]//div[contains(text(),"Sign in to your account")]' is displayed.</msg>
<status status="PASS" starttime="20201001 01:22:56.531" endtime="20201001 01:22:56.622"></status>
</kw>
<kw name="Element Should Be Visible" library="Selenium2Library">
<doc>Verifies that the element identified by ``locator`` is visible.</doc>
<arguments>
<arg>${login_form_email_textbox}</arg>
</arguments>
<msg timestamp="20201001 01:22:56.694" level="INFO">Element '//input[@placeholder="Email Address"]' is displayed.</msg>
<status status="PASS" starttime="20201001 01:22:56.623" endtime="20201001 01:22:56.695"></status>
</kw>
<kw name="Element Should Be Visible" library="Selenium2Library">
<doc>Verifies that the element identified by ``locator`` is visible.</doc>
<arguments>
<arg>${login_form_password_textbox}</arg>
</arguments>
<msg timestamp="20201001 01:22:56.771" level="INFO">Element '//input[@placeholder="Password"]' is displayed.</msg>
<status status="PASS" starttime="20201001 01:22:56.696" endtime="20201001 01:22:56.771"></status>
</kw>
<kw name="Element Should Be Visible" library="Selenium2Library">
<doc>Verifies that the element identified by ``locator`` is visible.</doc>
<arguments>
<arg>${login_form_sigin_button}</arg>
</arguments>
<msg timestamp="20201001 01:22:56.835" level="INFO">Element '//button[@type="submit"]/span[contains(text(),"Sign In")]' is displayed.</msg>
<status status="PASS" starttime="20201001 01:22:56.771" endtime="20201001 01:22:56.835"></status>
</kw>
<status status="PASS" starttime="20201001 01:22:56.458" endtime="20201001 01:22:56.836"></status>
</kw>
<kw name="Input Valid Credential" library="testKeywords">
<arguments>
<arg>${emailAddress}</arg>
<arg>${password}</arg>
</arguments>
<kw name="Click Element" library="Selenium2Library">
<doc>Click the element identified by ``locator``.</doc>
<arguments>
<arg>${login_form_email_textbox}</arg>
</arguments>
<msg timestamp="20201001 01:22:56.837" level="INFO">Clicking element '//input[@placeholder="Email Address"]'.</msg>
<status status="PASS" starttime="20201001 01:22:56.836" endtime="20201001 01:22:56.973"></status>
</kw>
<kw name="Input Text" library="Selenium2Library">
<doc>Types the given ``text`` into the text field identified by ``locator``.</doc>
<arguments>
<arg>${login_form_email_textbox}</arg>
<arg>${emailAddress}</arg>
</arguments>
<msg timestamp="20201001 01:22:56.974" level="INFO">Typing text 'wanmohdpayed@gmail.com' into text field '//input[@placeholder="Email Address"]'.</msg>
<status status="PASS" starttime="20201001 01:22:56.973" endtime="20201001 01:22:57.331"></status>
</kw>
<kw name="Click Element" library="Selenium2Library">
<doc>Click the element identified by ``locator``.</doc>
<arguments>
<arg>${login_form_password_textbox}</arg>
</arguments>
<msg timestamp="20201001 01:22:57.331" level="INFO">Clicking element '//input[@placeholder="Password"]'.</msg>
<status status="PASS" starttime="20201001 01:22:57.331" endtime="20201001 01:22:57.410"></status>
</kw>
<kw name="Input Text" library="Selenium2Library">
<doc>Types the given ``text`` into the text field identified by ``locator``.</doc>
<arguments>
<arg>${login_form_password_textbox}</arg>
<arg>${password}</arg>
</arguments>
<msg timestamp="20201001 01:22:57.412" level="INFO">Typing text 'df478444' into text field '//input[@placeholder="Password"]'.</msg>
<status status="PASS" starttime="20201001 01:22:57.411" endtime="20201001 01:22:57.590"></status>
</kw>
<status status="PASS" starttime="20201001 01:22:56.836" endtime="20201001 01:22:57.591"></status>
</kw>
<kw name="Capture Page Screenshot" library="Selenium2Library">
<doc>Takes a screenshot of the current page and embeds it into a log file.</doc>
<msg timestamp="20201001 01:22:57.742" level="INFO" html="yes">&lt;/td&gt;&lt;/tr&gt;&lt;tr&gt;&lt;td colspan="3"&gt;&lt;a href="selenium-screenshot-3.png"&gt;&lt;img src="selenium-screenshot-3.png" width="800px"&gt;&lt;/a&gt;</msg>
<status status="PASS" starttime="20201001 01:22:57.592" endtime="20201001 01:22:57.742"></status>
</kw>
<kw name="Log Into Respondio Home" library="testKeywords">
<kw name="Click Element" library="Selenium2Library">
<doc>Click the element identified by ``locator``.</doc>
<arguments>
<arg>${login_form_sigin_button}</arg>
</arguments>
<msg timestamp="20201001 01:22:57.743" level="INFO">Clicking element '//button[@type="submit"]/span[contains(text(),"Sign In")]'.</msg>
<status status="PASS" starttime="20201001 01:22:57.742" endtime="20201001 01:22:57.846"></status>
</kw>
<status status="PASS" starttime="20201001 01:22:57.742" endtime="20201001 01:22:57.846"></status>
</kw>
<kw name="Validate Respondio Home Page" library="testKeywords">
<kw name="Wait Until Element Is Visible" library="Selenium2Library">
<doc>Waits until the element ``locator`` is visible.</doc>
<arguments>
<arg>${home_banner_intro}</arg>
</arguments>
<status status="PASS" starttime="20201001 01:22:57.848" endtime="20201001 01:22:59.700"></status>
</kw>
<kw name="Element Should Be Visible" library="Selenium2Library">
<doc>Verifies that the element identified by ``locator`` is visible.</doc>
<arguments>
<arg>${home_header_info_arrow}</arg>
</arguments>
<msg timestamp="20201001 01:22:59.826" level="INFO">Element '//span[@class="v-btn__content"]//span[@class="v-icon notranslate ml-2 v-icon--right v-icon--svg theme--dark"]' is displayed.</msg>
<status status="PASS" starttime="20201001 01:22:59.701" endtime="20201001 01:22:59.826"></status>
</kw>
<kw name="Capture Page Screenshot" library="Selenium2Library">
<doc>Takes a screenshot of the current page and embeds it into a log file.</doc>
<msg timestamp="20201001 01:23:00.016" level="INFO" html="yes">&lt;/td&gt;&lt;/tr&gt;&lt;tr&gt;&lt;td colspan="3"&gt;&lt;a href="selenium-screenshot-4.png"&gt;&lt;img src="selenium-screenshot-4.png" width="800px"&gt;&lt;/a&gt;</msg>
<status status="PASS" starttime="20201001 01:22:59.827" endtime="20201001 01:23:00.016"></status>
</kw>
<status status="PASS" starttime="20201001 01:22:57.847" endtime="20201001 01:23:00.016"></status>
</kw>
<kw name="Logout from Respondio" library="testKeywords">
<kw name="Click Element" library="Selenium2Library">
<doc>Click the element identified by ``locator``.</doc>
<arguments>
<arg>${home_header_info_arrow}</arg>
</arguments>
<msg timestamp="20201001 01:23:00.017" level="INFO">Clicking element '//span[@class="v-btn__content"]//span[@class="v-icon notranslate ml-2 v-icon--right v-icon--svg theme--dark"]'.</msg>
<status status="PASS" starttime="20201001 01:23:00.017" endtime="20201001 01:23:00.214"></status>
</kw>
<kw name="Wait Until Element Is Visible" library="Selenium2Library">
<doc>Waits until the element ``locator`` is visible.</doc>
<arguments>
<arg>${home_logout_button}</arg>
</arguments>
<status status="PASS" starttime="20201001 01:23:00.215" endtime="20201001 01:23:00.746"></status>
</kw>
<kw name="Click Element" library="Selenium2Library">
<doc>Click the element identified by ``locator``.</doc>
<arguments>
<arg>${home_logout_button}</arg>
</arguments>
<msg timestamp="20201001 01:23:00.746" level="INFO">Clicking element '//button[@type="button"]/span[contains(text(),"Logout")]'.</msg>
<status status="PASS" starttime="20201001 01:23:00.746" endtime="20201001 01:23:00.904"></status>
</kw>
<status status="PASS" starttime="20201001 01:23:00.016" endtime="20201001 01:23:00.904"></status>
</kw>
<kw name="Close Browser" library="Selenium2Library" type="teardown">
<doc>Closes the current browser.</doc>
<status status="PASS" starttime="20201001 01:23:00.907" endtime="20201001 01:23:00.975"></status>
</kw>
<status status="PASS" starttime="20201001 01:22:49.788" endtime="20201001 01:23:00.975" critical="yes"></status>
</test>
<doc>A test suite with various tests for respondio.</doc>
<status status="PASS" starttime="20201001 01:22:49.524" endtime="20201001 01:23:00.979"></status>
</suite>
<status status="PASS" starttime="20201001 01:22:49.480" endtime="20201001 01:23:00.995"></status>
</suite>
<statistics>
<total>
<stat pass="1" fail="0">Critical Tests</stat>
<stat pass="1" fail="0">All Tests</stat>
</total>
<tag>
</tag>
<suite>
<stat pass="1" fail="0" id="s1" name="Testcases">Testcases</stat>
<stat pass="1" fail="0" id="s1-s1" name="basicTestCases">Testcases.basicTestCases</stat>
</suite>
</statistics>
<errors>
</errors>
</robot>
